<?xml version="1.0" encoding="UTF-8"?>
<!-- Generated by org.testng.reporters.JUnitReportReporter -->
<testsuite hostname="MSI" failures="0" tests="3" name="TestRunner.CucumberTestRunner" time="23.820" errors="0" timestamp="2024-10-01T00:20:41 IST" skipped="0">
  <testcase classname="TestRunner.CucumberTestRunner" name="runScenario" time="8.450"/>
  <testcase classname="TestRunner.CucumberTestRunner" name="runScenario" time="7.757"/>
  <testcase classname="TestRunner.CucumberTestRunner" name="runScenario" time="7.613"/>
</testsuite> <!-- TestRunner.CucumberTestRunner -->
